Flat profile:

Each sample counts as 0.001 seconds.
  %   cumulative   self              self     total           
 time   seconds   seconds    calls   s/call   s/call  name    
 55.61     72.23    72.23   416250     0.00     0.00  NNLayer::propagate(int*)
 22.50    101.45    29.23       10     2.92    12.34  Image::apply_NN(NN*, int, int)
 16.35    122.69    21.23 21633750     0.00     0.00  Image::source_pixel(int, int)
  0.93    123.90     1.21                             alt_get_errno
  0.82    124.97     1.07   584624     0.00     0.00  __mulsf3
  0.51    125.63     0.66   756904     0.00     0.00  __addsf3
  0.45    126.21     0.58        1     0.58     0.60  Image::make_bw()
  0.40    126.74     0.53       78     0.01     0.01  __malloc_unlock
  0.40    127.25     0.51        1     0.51     3.52  Image::make_fractal()
  0.28    127.62     0.37    83250     0.00     0.00  NN::propagate(int*)
  0.26    127.96     0.34    11741     0.00     0.00  Image::Get_Fractal_Level(float, float)
  0.17    128.18     0.22    46964     0.00     0.00  __divsf3
  0.16    128.40     0.21   195046     0.00     0.00  __subsf3
  0.16    128.61     0.21   319360     0.00     0.00  __clzsi2
  0.11    128.75     0.14   195449     0.00     0.00  __gtsf2
  0.10    128.88     0.13     6125     0.00     0.00  altera_avalon_jtag_uart_write
  0.09    129.00     0.12   102090     0.00     0.00  rand
  0.08    129.11     0.10    83165     0.00     0.00  __floatsisf
  0.07    129.19     0.09       12     0.01     0.02  Image::printToScreen(int, int, VGA*)
  0.06    129.27     0.08    11260     0.00     0.00  ___vfprintf_internal_r
  0.06    129.34     0.07   107250     0.00     0.00  VGA::Set_Pixel_Color(unsigned int, unsigned int, unsigned int)
  0.04    129.40     0.06   102090     0.00     0.00  __muldi3
  0.04    129.45     0.05       11     0.00     0.03  Image::randomize()
  0.03    129.49     0.04    29940     0.00     0.00  __umodsi3
  0.02    129.52     0.03     8013     0.00     0.00  __sfvwrite_r
  0.02    129.54     0.02     6630     0.00     0.00  __udivdi3
  0.02    129.57     0.02     6125     0.00     0.00  write
  0.02    129.59     0.02      686     0.00     0.00  __multiply
  0.02    129.61     0.02        1     0.02     0.02  VGA::clr()
  0.02    129.64     0.02        1     0.02     0.02  _exit
  0.02    129.66     0.02    23800     0.00     0.00  __eqsf2
  0.01    129.67     0.02     6132     0.00     0.00  memcpy
  0.01    129.69     0.01     7833     0.00     0.00  __sclose
  0.01    129.70     0.01     6630     0.00     0.00  __umoddi3
  0.01    129.71     0.01                             NNLayer::print_activation()
  0.01    129.73     0.01     5630     0.00     0.00  __sbprintf
  0.01    129.74     0.01                             _Unwind_Backtrace
  0.01    129.75     0.01     6125     0.00     0.00  __swrite
  0.01    129.76     0.01     9450     0.00     0.00  memmove
  0.01    129.76     0.01    24000     0.00     0.00  __fixsfsi
  0.01    129.77     0.01    26520     0.00     0.00  __udivsi3
  0.01    129.78     0.01                             alt_get_errno
  0.01    129.79     0.01     6125     0.00     0.00  _write_r
  0.01    129.79     0.01     5762     0.00     0.00  __sflush_r
  0.01    129.80     0.01    11446     0.00     0.00  strlen
  0.00    129.81     0.01     5759     0.00     0.00  _fflush_r
  0.00    129.81     0.01        8     0.00     0.00  _sbrk_r
  0.00    129.82     0.01    11741     0.00     0.00  Image::Get_Fractal_Color(int)
  0.00    129.82     0.01     1537     0.00     0.00  _Balloc
  0.00    129.83     0.01        1     0.01     0.01  NN::NN(int)
  0.00    129.83     0.00     7830     0.00     0.00  __sprint_r
  0.00    129.84     0.00       11     0.00     0.01  Image::~Image()
  0.00    129.84     0.00                             NNLayer::~NNLayer()
  0.00    129.84     0.00     6125     0.00     0.00  altera_avalon_jtag_uart_write_fd
  0.00    129.85     0.00     3420     0.00     0.00  NNLayer::MYrand(int)
  0.00    129.85     0.00        5     0.00     0.08  NNLayer::print()
  0.00    129.86     0.00     5630     0.00     0.00  __vfprintf_internal
  0.00    129.86     0.00     5630     0.00     0.00  printf
  0.00    129.86     0.00      183     0.00     0.00  _puts_r
  0.00    129.86     0.00      170     0.00     0.00  _dtoa_r
  0.00    129.86     0.00     3420     0.00     0.00  simpleRand()
  0.00    129.87     0.00      183     0.00     0.00  puts
  0.00    129.87     0.00                             _wctomb_r
  0.00    129.87     0.00      340     0.00     0.00  __adddf3
  0.00    129.87     0.00      340     0.00     0.00  __floatsidf
  0.00    129.87     0.00      340     0.00     0.00  __muldf3
  0.00    129.87     0.00      170     0.00     0.00  __hi0bits
  0.00    129.87     0.00      170     0.00     0.00  __multadd
  0.00    129.87     0.00      129     0.00     0.00  __swbuf_r
  0.00    129.87     0.00       54     0.00     0.01  _malloc_r
  0.00    129.87     0.00       11     0.00     0.04  Image::Image(int, int)
  0.00    129.88     0.00                             abort
  0.00    129.88     0.00      129     0.00     0.00  putchar
  0.00    129.88     0.00                             _printf_r
  0.00    129.88     0.00                             _putchar_r
  0.00    129.88     0.00                             __mcount_record
  0.00    129.88     0.00    11260     0.00     0.00  _localeconv_r
  0.00    129.88     0.00                             __locale_cjk_lang
  0.00    129.88     0.00                             srand
  0.00    129.88     0.00                             strcmp
  0.00    129.88     0.00   192406     0.00     0.00  alt_avalon_timer_sc_irq
  0.00    129.88     0.00        3     0.00     0.00  _close_r
  0.00    129.88     0.00                             nios2_pcsample_init
  0.00    129.88     0.00                             NNLayer::rand_FloatRange(float, float)
  0.00    129.88     0.00                             __swbuf
  0.00    129.88     0.00   197307     0.00     0.00  alt_irq_handler
  0.00    129.88     0.00   192406     0.00     0.00  alt_tick
  0.00    129.88     0.00     4977     0.00     0.00  altera_avalon_jtag_uart_irq
  0.00    129.88     0.00      680     0.00     0.00  __nedf2
  0.00    129.88     0.00      509     0.00     0.00  _Bfree
  0.00    129.88     0.00      340     0.00     0.00  __fpclassifyd
  0.00    129.88     0.00      340     0.00     0.00  __lshift
  0.00    129.88     0.00      192     0.00     0.00  altera_avalon_jtag_uart_timeout
  0.00    129.88     0.00      170     0.00     0.00  __d2b
  0.00    129.88     0.00      170     0.00     0.00  __fixdfsi
  0.00    129.88     0.00      170     0.00     0.00  __floatunsidf
  0.00    129.88     0.00      170     0.00     0.00  __i2b
  0.00    129.88     0.00      170     0.00     0.00  __ledf2
  0.00    129.88     0.00      170     0.00     0.00  __lo0bits
  0.00    129.88     0.00      170     0.00     0.00  __mcmp
  0.00    129.88     0.00      170     0.00     0.00  __pow5mult
  0.00    129.88     0.00      170     0.00     0.00  __subdf3
  0.00    129.88     0.00      129     0.00     0.00  _putc_r
  0.00    129.88     0.00       78     0.00     0.00  __malloc_lock
  0.00    129.88     0.00       39     0.00     0.00  _Unwind_SjLj_Register
  0.00    129.88     0.00       39     0.00     0.00  _Unwind_SjLj_Unregister
  0.00    129.88     0.00       39     0.00     0.00  malloc
  0.00    129.88     0.00       38     0.00     0.01  operator new(unsigned int)
  0.00    129.88     0.00       27     0.00     0.01  operator new[](unsigned int)
  0.00    129.88     0.00       24     0.00     0.00  _free_r
  0.00    129.88     0.00       21     0.00     0.00  operator delete(void*)
  0.00    129.88     0.00       21     0.00     0.00  free
  0.00    129.88     0.00       15     0.00     0.01  _calloc_r
  0.00    129.88     0.00       11     0.00     0.04  Image::init(int, int)
  0.00    129.88     0.00       11     0.00     0.00  operator delete[](void*)
  0.00    129.88     0.00       11     0.00     0.00  memset
  0.00    129.88     0.00        7     0.00     0.00  alt_release_fd
  0.00    129.88     0.00        5     0.00     0.03  NNLayer::random_init(int, int, int)
  0.00    129.88     0.00        5     0.00     0.02  NNLayer::init(int, int, int)
  0.00    129.88     0.00        5     0.00     0.00  NNLayer::NNLayer()
  0.00    129.88     0.00        4     0.00     0.00  altera_avalon_jtag_uart_close
  0.00    129.88     0.00        4     0.00     0.00  altera_avalon_jtag_uart_close_fd
  0.00    129.88     0.00        4     0.00     0.00  close
  0.00    129.88     0.00        3     0.00     0.00  __sfp_lock_acquire
  0.00    129.88     0.00        3     0.00     0.00  __sfp_lock_release
  0.00    129.88     0.00        3     0.00     0.00  _fclose_r
  0.00    129.88     0.00        3     0.00     0.00  alt_file_locked
  0.00    129.88     0.00        3     0.00     0.00  alt_find_dev
  0.00    129.88     0.00        3     0.00     0.00  alt_get_fd
  0.00    129.88     0.00        3     0.00     0.00  alt_load_section
  0.00    129.88     0.00        3     0.00     0.00  alt_open_fd
  0.00    129.88     0.00        3     0.00     0.00  memcmp
  0.00    129.88     0.00        3     0.00     0.00  open
  0.00    129.88     0.00        2     0.00     0.00  _cleanup_r
  0.00    129.88     0.00        2     0.00     0.00  alt_alarm_start
  0.00    129.88     0.00        2     0.00     0.00  alt_ic_irq_enable
  0.00    129.88     0.00        2     0.00     0.00  alt_ic_isr_register
  0.00    129.88     0.00        2     0.00     0.00  alt_iic_isr_register
  0.00    129.88     0.00        1     0.00     0.01  _GLOBAL__sub_I___cxa_allocate_exception
  0.00    129.88     0.00        1     0.00     0.00  NN::~NN()
  0.00    129.88     0.00        1     0.00     0.00  VGA::send_to_display()
  0.00    129.88     0.00        1     0.00     0.00  VGA::VGA(int, int)
  0.00    129.88     0.00        1     0.00     0.00  __call_exitprocs
  0.00    129.88     0.00        1     0.00     0.00  __register_exitproc
  0.00    129.88     0.00        1     0.00     0.00  __sinit
  0.00    129.88     0.00        1     0.00     0.00  __smakebuf_r
  0.00    129.88     0.00        1     0.00     0.00  __swsetup_r
  0.00    129.88     0.00        1     0.00     0.01  _do_ctors
  0.00    129.88     0.00        1     0.00     0.00  _do_dtors
  0.00    129.88     0.00        1     0.00     0.00  _fwalk_reent
  0.00    129.88     0.00        1     0.00     0.00  alt_avalon_timer_sc_init
  0.00    129.88     0.00        1     0.00     0.00  alt_dcache_flush_all
  0.00    129.88     0.00        1     0.00     0.00  alt_dev_llist_insert
  0.00    129.88     0.00        1     0.00     0.00  alt_dev_reg
  0.00    129.88     0.00        1     0.00     0.00  alt_icache_flush
  0.00    129.88     0.00        1     0.00     0.00  alt_icache_flush_all
  0.00    129.88     0.00        1     0.00     0.00  alt_io_redirect
  0.00    129.88     0.00        1     0.00     0.00  alt_irq_init
  0.00    129.88     0.00        1     0.00     0.00  alt_load
  0.00    129.88     0.00        1     0.00   128.63  alt_main
  0.00    129.88     0.00        1     0.00     0.00  alt_sys_init
  0.00    129.88     0.00        1     0.00     0.00  altera_avalon_jtag_uart_init
  0.00    129.88     0.00        1     0.00     0.00  altera_nios2_gen2_irq_init
  0.00    129.88     0.00        1     0.00     0.00  atexit
  0.00    129.88     0.00        1     0.00     0.02  exit
  0.00    129.88     0.00        1     0.00   128.60  main

 %         the percentage of the total running time of the
time       program used by this function.

cumulative a running sum of the number of seconds accounted
 seconds   for by this function and those listed above it.

 self      the number of seconds accounted for by this
seconds    function alone.  This is the major sort for this
           listing.

calls      the number of times this function was invoked, if
           this function is profiled, else blank.

 self      the average number of milliseconds spent in this
ms/call    function per call, if this function is profiled,
	   else blank.

 total     the average number of milliseconds spent in this
ms/call    function and its descendents per call, if this
	   function is profiled, else blank.

name       the name of the function.  This is the minor sort
           for this listing. The index shows the location of
	   the function in the gprof listing. If the index is
	   in parenthesis it shows where it would appear in
	   the gprof listing if it were to be printed.

Copyright (C) 2012-2015 Free Software Foundation, Inc.

Copying and distribution of this file, with or without modification,
are permitted in any medium without royalty provided the copyright
notice and this notice are preserved.

		     Call graph (explanation follows)


granularity: each sample hit covers 32 byte(s) for 0.00% of 129.88 seconds

index % time    self  children    called     name
                0.00  128.63       1/1           _start [2]
[1]     99.0    0.00  128.63       1         alt_main [1]
                0.00  128.60       1/1           main [3]
                0.00    0.02       1/1           exit [55]
                0.00    0.01       1/1           _do_ctors [72]
                0.00    0.00       1/1           alt_io_redirect [112]
                0.00    0.00       1/1           __register_exitproc [205]
                0.00    0.00       1/4           close [122]
                0.00    0.00       1/1           alt_irq_init [137]
                0.00    0.00       1/1           alt_sys_init [139]
                0.00    0.00       1/1           atexit [142]
-----------------------------------------------
                                                 <spontaneous>
[2]     99.0    0.00  128.63                 _start [2]
                0.00  128.63       1/1           alt_main [1]
                0.00    0.00       1/1           alt_load [138]
-----------------------------------------------
                0.00  128.60       1/1           alt_main [1]
[3]     99.0    0.00  128.60       1         main [3]
               29.23   94.22      10/10          Image::apply_NN(NN*, int, int) [4]
                0.51    3.00       1/1           Image::make_fractal() [8]
                0.58    0.02       1/1           Image::make_bw() [13]
                0.00    0.41       5/5           NNLayer::print() [17]
                0.09    0.18      12/12          Image::printToScreen(int, int, VGA*) [25]
                0.00    0.13       5/5           NNLayer::random_init(int, int, int) [39]
                0.00    0.07      11/11          Image::~Image() [43]
                0.07    0.00      10/78          __malloc_unlock [16]
                0.00    0.04       1/11          Image::Image(int, int) [19]
                0.02    0.00       1/1           VGA::clr() [54]
                0.01    0.01       1/1           NN::NN(int) [64]
                0.00    0.01       1/38          operator new(unsigned int) [24]
                0.00    0.00      10/5630        printf [14]
                0.00    0.00       3/183         _puts_r [80]
                0.00    0.00       3/183         puts [82]
                0.00    0.00      10/21          free [117]
                0.00    0.00      10/21          operator delete(void*) [195]
                0.00    0.00      10/24          _free_r [194]
                0.00    0.00       1/1           NN::~NN() [201]
                0.00    0.00       1/39          _Unwind_SjLj_Register [192]
                0.00    0.00       1/39          _Unwind_SjLj_Unregister [193]
                0.00    0.00       1/1           VGA::VGA(int, int) [203]
                0.00    0.00       1/1           VGA::send_to_display() [202]
-----------------------------------------------
               29.23   94.22      10/10          main [3]
[4]     95.0   29.23   94.22      10         Image::apply_NN(NN*, int, int) [4]
                0.37   72.23   83250/83250       NN::propagate(int*) [5]
               21.00    0.00 21395250/21633750     Image::source_pixel(int, int) [7]
                0.00    0.35      10/11          Image::Image(int, int) [19]
                0.00    0.19    1860/5630        printf [14]
                0.00    0.07      10/38          operator new(unsigned int) [24]
                0.00    0.00      10/183         _puts_r [80]
                0.00    0.00      10/183         puts [82]
                0.00    0.00      10/39          _Unwind_SjLj_Register [192]
                0.00    0.00      10/39          _Unwind_SjLj_Unregister [193]
-----------------------------------------------
                0.37   72.23   83250/83250       Image::apply_NN(NN*, int, int) [4]
[5]     55.9    0.37   72.23   83250         NN::propagate(int*) [5]
               72.23    0.00  416250/416250      NNLayer::propagate(int*) [6]
-----------------------------------------------
               72.23    0.00  416250/416250      NN::propagate(int*) [5]
[6]     55.6   72.23    0.00  416250         NNLayer::propagate(int*) [6]
-----------------------------------------------
                0.01    0.00   12000/21633750     Image::make_fractal() [8]
                0.02    0.00   24000/21633750     Image::make_bw() [13]
                0.09    0.00   95250/21633750     Image::randomize() [22]
                0.11    0.00  107250/21633750     Image::printToScreen(int, int, VGA*) [25]
               21.00    0.00 21395250/21633750     Image::apply_NN(NN*, int, int) [4]
[7]     16.3   21.23    0.00 21633750         Image::source_pixel(int, int) [7]
-----------------------------------------------
                0.51    3.00       1/1           main [3]
[8]      2.7    0.51    3.00       1         Image::make_fractal() [8]
                0.34    2.05   11741/11741       Image::Get_Fractal_Level(float, float) [9]
                0.22    0.00   46964/46964       __divsf3 [26]
                0.10    0.05   83165/83165       __floatsisf [34]
                0.09    0.00   46964/584624      __mulsf3 [11]
                0.05    0.01   59164/756904      __addsf3 [12]
                0.03    0.01   23482/195046      __subsf3 [23]
                0.02    0.00   23800/23800       __eqsf2 [58]
                0.01    0.00   12000/21633750     Image::source_pixel(int, int) [7]
                0.01    0.00   12401/195449      __gtsf2 [38]
                0.01    0.00   24000/24000       __fixsfsi [68]
                0.01    0.00   11741/11741       Image::Get_Fractal_Color(int) [76]
-----------------------------------------------
                0.34    2.05   11741/11741       Image::make_fractal() [8]
[9]      1.8    0.34    2.05   11741         Image::Get_Fractal_Level(float, float) [9]
                0.98    0.00  537660/584624      __mulsf3 [11]
                0.61    0.08  697740/756904      __addsf3 [12]
                0.19    0.06  171564/195046      __subsf3 [23]
                0.13    0.00  183048/195449      __gtsf2 [38]
-----------------------------------------------
                                                 <spontaneous>
[10]     0.9    1.21    0.00                 alt_get_errno [10]
-----------------------------------------------
                0.09    0.00   46964/584624      Image::make_fractal() [8]
                0.98    0.00  537660/584624      Image::Get_Fractal_Level(float, float) [9]
[11]     0.8    1.07    0.00  584624         __mulsf3 [11]
-----------------------------------------------
                0.05    0.01   59164/756904      Image::make_fractal() [8]
                0.61    0.08  697740/756904      Image::Get_Fractal_Level(float, float) [9]
[12]     0.6    0.66    0.09  756904         __addsf3 [12]
                0.09    0.00  136268/319360      __clzsi2 [27]
-----------------------------------------------
                0.58    0.02       1/1           main [3]
[13]     0.5    0.58    0.02       1         Image::make_bw() [13]
                0.02    0.00   24000/21633750     Image::source_pixel(int, int) [7]
-----------------------------------------------
                0.00    0.00      10/5630        main [3]
                0.00    0.19    1860/5630        Image::apply_NN(NN*, int, int) [4]
                0.00    0.39    3760/5630        NNLayer::print() [17]
[14]     0.5    0.00    0.59    5630         printf [14]
                0.09    0.50    5630/5630        ___vfprintf_internal_r <cycle 1> [21]
                0.00    0.00    5630/5630        __vfprintf_internal [81]
-----------------------------------------------
[15]     0.5    0.09    0.50    5630+11260   <cycle 1 as a whole> [15]
                0.08    0.30   11260             ___vfprintf_internal_r <cycle 1> [21]
                0.01    0.19    5630             __sbprintf <cycle 1> [28]
-----------------------------------------------
                0.07    0.00      10/78          main [3]
                0.07    0.00      11/78          Image::~Image() [43]
                0.38    0.00      57/78          _malloc_r [18]
[16]     0.4    0.53    0.00      78         __malloc_unlock [16]
-----------------------------------------------
                0.00    0.41       5/5           main [3]
[17]     0.3    0.00    0.41       5         NNLayer::print() [17]
                0.00    0.39    3760/5630        printf [14]
                0.00    0.00     129/129         __swbuf_r [77]
                0.00    0.00     170/183         _puts_r [80]
                0.00    0.00     170/183         puts [82]
                0.00    0.00     129/129         putchar [90]
                0.00    0.00     129/129         _putc_r [190]
-----------------------------------------------
                0.00    0.01       1/54          _GLOBAL__sub_I___cxa_allocate_exception [71]
                0.00    0.11      15/54          _calloc_r [41]
                0.00    0.27      38/54          operator new(unsigned int) [24]
[18]     0.3    0.00    0.39      54         _malloc_r [18]
                0.38    0.00      57/78          __malloc_unlock [16]
                0.01    0.00       8/8           _sbrk_r [75]
                0.00    0.00      54/78          __malloc_lock [191]
                0.00    0.00       3/24          _free_r [194]
-----------------------------------------------
                0.00    0.04       1/11          main [3]
                0.00    0.35      10/11          Image::apply_NN(NN*, int, int) [4]
[19]     0.3    0.00    0.39      11         Image::Image(int, int) [19]
                0.00    0.39      11/11          Image::init(int, int) [20]
-----------------------------------------------
                0.00    0.39      11/11          Image::Image(int, int) [19]
[20]     0.3    0.00    0.39      11         Image::init(int, int) [20]
                0.05    0.26      11/11          Image::randomize() [22]
                0.00    0.08      11/27          operator new[](unsigned int) [29]
-----------------------------------------------
                                5630             __sbprintf <cycle 1> [28]
                0.09    0.50    5630/5630        printf [14]
[21]     0.3    0.08    0.30   11260         ___vfprintf_internal_r <cycle 1> [21]
                0.00    0.14     170/170         _dtoa_r [37]
                0.01    0.05    7830/7833        __sclose [47]
                0.02    0.02    6630/6630        __udivdi3 [50]
                0.01    0.02    6630/6630        __umoddi3 [52]
                0.01    0.00   11260/11446       strlen [73]
                0.00    0.00    7830/7830        __sprint_r [78]
                0.00    0.00   11260/11260       _localeconv_r [96]
                0.00    0.00     340/680         __nedf2 [183]
                0.00    0.00     340/340         __fpclassifyd [185]
                                5630             __sbprintf <cycle 1> [28]
-----------------------------------------------
                0.05    0.26      11/11          Image::init(int, int) [20]
[22]     0.2    0.05    0.26      11         Image::randomize() [22]
                0.11    0.05   95250/102090      rand [32]
                0.09    0.00   95250/21633750     Image::source_pixel(int, int) [7]
-----------------------------------------------
                0.03    0.01   23482/195046      Image::make_fractal() [8]
                0.19    0.06  171564/195046      Image::Get_Fractal_Level(float, float) [9]
[23]     0.2    0.21    0.06  195046         __subsf3 [23]
                0.06    0.00   99219/319360      __clzsi2 [27]
-----------------------------------------------
                0.00    0.01       1/38          main [3]
                0.00    0.07      10/38          Image::apply_NN(NN*, int, int) [4]
                0.00    0.20      27/38          operator new[](unsigned int) [29]
[24]     0.2    0.00    0.27      38         operator new(unsigned int) [24]
                0.00    0.27      38/54          _malloc_r [18]
                0.00    0.00      38/39          malloc [116]
-----------------------------------------------
                0.09    0.18      12/12          main [3]
[25]     0.2    0.09    0.18      12         Image::printToScreen(int, int, VGA*) [25]
                0.11    0.00  107250/21633750     Image::source_pixel(int, int) [7]
                0.07    0.00  107250/107250      VGA::Set_Pixel_Color(unsigned int, unsigned int, unsigned int) [46]
-----------------------------------------------
                0.22    0.00   46964/46964       Image::make_fractal() [8]
[26]     0.2    0.22    0.00   46964         __divsf3 [26]
-----------------------------------------------
                0.00    0.00      28/319360      __adddf3 [85]
                0.00    0.00     170/319360      __subdf3 [108]
                0.00    0.00     170/319360      __floatunsidf [107]
                0.00    0.00     340/319360      __floatsidf [84]
                0.05    0.00   83165/319360      __floatsisf [34]
                0.06    0.00   99219/319360      __subsf3 [23]
                0.09    0.00  136268/319360      __addsf3 [12]
[27]     0.2    0.21    0.00  319360         __clzsi2 [27]
-----------------------------------------------
                                5630             ___vfprintf_internal_r <cycle 1> [21]
[28]     0.2    0.01    0.19    5630         __sbprintf <cycle 1> [28]
                0.01    0.18    5630/5762        __sflush_r [30]
                0.01    0.00    5630/5759        _fflush_r [74]
                                5630             ___vfprintf_internal_r <cycle 1> [21]
-----------------------------------------------
                0.00    0.01       1/27          NN::NN(int) [64]
                0.00    0.08      11/27          Image::init(int, int) [20]
                0.00    0.11      15/27          NNLayer::init(int, int, int) [42]
[29]     0.2    0.00    0.20      27         operator new[](unsigned int) [29]
                0.00    0.20      27/38          operator new(unsigned int) [24]
                0.00    0.00      27/39          _Unwind_SjLj_Register [192]
                0.00    0.00      27/39          _Unwind_SjLj_Unregister [193]
-----------------------------------------------
                0.00    0.00       3/5762        _fclose_r [98]
                0.00    0.00     129/5762        __swbuf_r [77]
                0.01    0.18    5630/5762        __sbprintf <cycle 1> [28]
[30]     0.1    0.01    0.19    5762         __sflush_r [30]
                0.01    0.17    5759/6125        _write_r [31]
                0.01    0.00    5759/6125        __swrite [66]
-----------------------------------------------
                0.00    0.01     366/6125        __sfvwrite_r [49]
                0.01    0.17    5759/6125        __sflush_r [30]
[31]     0.1    0.01    0.18    6125         _write_r [31]
                0.02    0.16    6125/6125        write [33]
-----------------------------------------------
                0.01    0.00    6840/102090      simpleRand() [60]
                0.11    0.05   95250/102090      Image::randomize() [22]
[32]     0.1    0.12    0.06  102090         rand [32]
                0.06    0.00  102090/102090      __muldi3 [48]
-----------------------------------------------
                0.02    0.16    6125/6125        _write_r [31]
[33]     0.1    0.02    0.16    6125         write [33]
                0.00    0.15    6125/6125        altera_avalon_jtag_uart_write_fd [35]
-----------------------------------------------
                0.10    0.05   83165/83165       Image::make_fractal() [8]
[34]     0.1    0.10    0.05   83165         __floatsisf [34]
                0.05    0.00   83165/319360      __clzsi2 [27]
-----------------------------------------------
                0.00    0.15    6125/6125        write [33]
[35]     0.1    0.00    0.15    6125         altera_avalon_jtag_uart_write_fd [35]
                0.13    0.02    6125/6125        altera_avalon_jtag_uart_write [36]
-----------------------------------------------
                0.13    0.02    6125/6125        altera_avalon_jtag_uart_write_fd [35]
[36]     0.1    0.13    0.02    6125         altera_avalon_jtag_uart_write [36]
                0.02    0.00    6132/6132        memcpy [59]
-----------------------------------------------
                0.00    0.14     170/170         ___vfprintf_internal_r <cycle 1> [21]
[37]     0.1    0.00    0.14     170         _dtoa_r [37]
                0.00    0.08     170/170         __pow5mult [44]
                0.00    0.03     340/340         __lshift [53]
                0.00    0.01     170/170         __d2b [61]
                0.00    0.01     170/170         __i2b [63]
                0.00    0.01     170/1537        _Balloc [40]
                0.00    0.00     340/340         __floatsidf [84]
                0.00    0.00     340/340         __adddf3 [85]
                0.00    0.00     340/340         __muldf3 [86]
                0.00    0.00     170/170         __floatunsidf [107]
                0.00    0.00     170/170         __subdf3 [108]
                0.00    0.00     509/509         _Bfree [184]
                0.00    0.00     340/680         __nedf2 [183]
                0.00    0.00     170/170         __mcmp [189]
                0.00    0.00     170/170         __fixdfsi [186]
                0.00    0.00     170/170         __ledf2 [187]
-----------------------------------------------
                0.01    0.00   12401/195449      Image::make_fractal() [8]
                0.13    0.00  183048/195449      Image::Get_Fractal_Level(float, float) [9]
[38]     0.1    0.14    0.00  195449         __gtsf2 [38]
-----------------------------------------------
                0.00    0.13       5/5           main [3]
[39]     0.1    0.00    0.13       5         NNLayer::random_init(int, int, int) [39]
                0.00    0.11       5/5           NNLayer::init(int, int, int) [42]
                0.00    0.02    3420/3420        NNLayer::MYrand(int) [56]
-----------------------------------------------
                0.00    0.00       1/1537        __pow5mult [44]
                0.00    0.01     170/1537        __i2b [63]
                0.00    0.01     170/1537        _dtoa_r [37]
                0.00    0.01     170/1537        __d2b [61]
                0.00    0.02     340/1537        __lshift [53]
                0.00    0.05     686/1537        __multiply [45]
[40]     0.1    0.01    0.11    1537         _Balloc [40]
                0.00    0.11      15/15          _calloc_r [41]
-----------------------------------------------
                0.00    0.11      15/15          _Balloc [40]
[41]     0.1    0.00    0.11      15         _calloc_r [41]
                0.00    0.11      15/54          _malloc_r [18]
                0.00    0.00       7/11          memset [118]
-----------------------------------------------
                0.00    0.11       5/5           NNLayer::random_init(int, int, int) [39]
[42]     0.1    0.00    0.11       5         NNLayer::init(int, int, int) [42]
                0.00    0.11      15/27          operator new[](unsigned int) [29]
-----------------------------------------------
                0.00    0.07      11/11          main [3]
[43]     0.1    0.00    0.07      11         Image::~Image() [43]
                0.07    0.00      11/78          __malloc_unlock [16]
                0.00    0.00      11/11          operator delete[](void*) [196]
                0.00    0.00      11/21          free [117]
                0.00    0.00      11/21          operator delete(void*) [195]
                0.00    0.00      11/24          _free_r [194]
-----------------------------------------------
                0.00    0.08     170/170         _dtoa_r [37]
[44]     0.1    0.00    0.08     170         __pow5mult [44]
                0.02    0.05     686/686         __multiply [45]
                0.00    0.00     170/170         __multadd [88]
                0.00    0.00       1/1537        _Balloc [40]
-----------------------------------------------
                0.02    0.05     686/686         __pow5mult [44]
[45]     0.1    0.02    0.05     686         __multiply [45]
                0.00    0.05     686/1537        _Balloc [40]
-----------------------------------------------
                0.07    0.00  107250/107250      Image::printToScreen(int, int, VGA*) [25]
[46]     0.1    0.07    0.00  107250         VGA::Set_Pixel_Color(unsigned int, unsigned int, unsigned int) [46]
-----------------------------------------------
                0.00    0.00       3/7833        _fclose_r [98]
                0.01    0.05    7830/7833        ___vfprintf_internal_r <cycle 1> [21]
[47]     0.0    0.01    0.05    7833         __sclose [47]
                0.03    0.02    7830/8013        __sfvwrite_r [49]
-----------------------------------------------
                0.06    0.00  102090/102090      rand [32]
[48]     0.0    0.06    0.00  102090         __muldi3 [48]
-----------------------------------------------
                0.00    0.00     183/8013        _puts_r [80]
                0.03    0.02    7830/8013        __sclose [47]
[49]     0.0    0.03    0.02    8013         __sfvwrite_r [49]
                0.00    0.01     366/6125        _write_r [31]
                0.01    0.00    9450/9450        memmove [67]
                0.00    0.00     366/6125        __swrite [66]
                0.00    0.00       1/1           __swsetup_r [208]
-----------------------------------------------
                0.02    0.02    6630/6630        ___vfprintf_internal_r <cycle 1> [21]
[50]     0.0    0.02    0.02    6630         __udivdi3 [50]
                0.02    0.00   13260/29940       __umodsi3 [51]
                0.00    0.00   13260/26520       __udivsi3 [70]
-----------------------------------------------
                0.00    0.00    3420/29940       NNLayer::MYrand(int) [56]
                0.02    0.00   13260/29940       __udivdi3 [50]
                0.02    0.00   13260/29940       __umoddi3 [52]
[51]     0.0    0.04    0.00   29940         __umodsi3 [51]
-----------------------------------------------
                0.01    0.02    6630/6630        ___vfprintf_internal_r <cycle 1> [21]
[52]     0.0    0.01    0.02    6630         __umoddi3 [52]
                0.02    0.00   13260/29940       __umodsi3 [51]
                0.00    0.00   13260/26520       __udivsi3 [70]
-----------------------------------------------
                0.00    0.03     340/340         _dtoa_r [37]
[53]     0.0    0.00    0.03     340         __lshift [53]
                0.00    0.02     340/1537        _Balloc [40]
-----------------------------------------------
                0.02    0.00       1/1           main [3]
[54]     0.0    0.02    0.00       1         VGA::clr() [54]
-----------------------------------------------
                0.00    0.02       1/1           alt_main [1]
[55]     0.0    0.00    0.02       1         exit [55]
                0.02    0.00       1/1           _exit [57]
                0.00    0.00       1/1           _fwalk_reent [99]
                0.00    0.00       1/2           _cleanup_r [200]
                0.00    0.00       1/1           __call_exitprocs [204]
-----------------------------------------------
                0.00    0.02    3420/3420        NNLayer::random_init(int, int, int) [39]
[56]     0.0    0.00    0.02    3420         NNLayer::MYrand(int) [56]
                0.00    0.01    3420/3420        simpleRand() [60]
                0.00    0.00    3420/29940       __umodsi3 [51]
-----------------------------------------------
                0.02    0.00       1/1           exit [55]
[57]     0.0    0.02    0.00       1         _exit [57]
-----------------------------------------------
                0.02    0.00   23800/23800       Image::make_fractal() [8]
[58]     0.0    0.02    0.00   23800         __eqsf2 [58]
-----------------------------------------------
                0.02    0.00    6132/6132        altera_avalon_jtag_uart_write [36]
[59]     0.0    0.02    0.00    6132         memcpy [59]
-----------------------------------------------
                0.00    0.01    3420/3420        NNLayer::MYrand(int) [56]
[60]     0.0    0.00    0.01    3420         simpleRand() [60]
                0.01    0.00    6840/102090      rand [32]
-----------------------------------------------
                0.00    0.01     170/170         _dtoa_r [37]
[61]     0.0    0.00    0.01     170         __d2b [61]
                0.00    0.01     170/1537        _Balloc [40]
                0.00    0.00     170/170         __hi0bits [87]
                0.00    0.00     170/170         __lo0bits [188]
-----------------------------------------------
                                                 <spontaneous>
[62]     0.0    0.01    0.00                 NNLayer::print_activation() [62]
-----------------------------------------------
                0.00    0.01     170/170         _dtoa_r [37]
[63]     0.0    0.00    0.01     170         __i2b [63]
                0.00    0.01     170/1537        _Balloc [40]
-----------------------------------------------
                0.01    0.01       1/1           main [3]
[64]     0.0    0.01    0.01       1         NN::NN(int) [64]
                0.00    0.01       1/27          operator new[](unsigned int) [29]
                0.00    0.00       5/5           NNLayer::NNLayer() [197]
                0.00    0.00       1/39          _Unwind_SjLj_Register [192]
                0.00    0.00       1/39          _Unwind_SjLj_Unregister [193]
-----------------------------------------------
                                                 <spontaneous>
[65]     0.0    0.01    0.00                 _Unwind_Backtrace [65]
-----------------------------------------------
                0.00    0.00     366/6125        __sfvwrite_r [49]
                0.01    0.00    5759/6125        __sflush_r [30]
[66]     0.0    0.01    0.00    6125         __swrite [66]
-----------------------------------------------
                0.01    0.00    9450/9450        __sfvwrite_r [49]
[67]     0.0    0.01    0.00    9450         memmove [67]
-----------------------------------------------
                0.01    0.00   24000/24000       Image::make_fractal() [8]
[68]     0.0    0.01    0.00   24000         __fixsfsi [68]
-----------------------------------------------
                                                 <spontaneous>
[69]     0.0    0.01    0.00                 alt_get_errno [69]
-----------------------------------------------
                0.00    0.00   13260/26520       __udivdi3 [50]
                0.00    0.00   13260/26520       __umoddi3 [52]
[70]     0.0    0.01    0.00   26520         __udivsi3 [70]
-----------------------------------------------
                0.00    0.01       1/1           _do_ctors [72]
[71]     0.0    0.00    0.01       1         _GLOBAL__sub_I___cxa_allocate_exception [71]
                0.00    0.01       1/54          _malloc_r [18]
                0.00    0.00       1/39          malloc [116]
-----------------------------------------------
                0.00    0.01       1/1           alt_main [1]
[72]     0.0    0.00    0.01       1         _do_ctors [72]
                0.00    0.01       1/1           _GLOBAL__sub_I___cxa_allocate_exception [71]
-----------------------------------------------
                0.00    0.00       3/11446       alt_find_dev [109]
                0.00    0.00     183/11446       _puts_r [80]
                0.01    0.00   11260/11446       ___vfprintf_internal_r <cycle 1> [21]
[73]     0.0    0.01    0.00   11446         strlen [73]
-----------------------------------------------
                0.00    0.00     129/5759        __swbuf_r [77]
                0.01    0.00    5630/5759        __sbprintf <cycle 1> [28]
[74]     0.0    0.01    0.00    5759         _fflush_r [74]
-----------------------------------------------
                0.01    0.00       8/8           _malloc_r [18]
[75]     0.0    0.01    0.00       8         _sbrk_r [75]
-----------------------------------------------
                0.01    0.00   11741/11741       Image::make_fractal() [8]
[76]     0.0    0.01    0.00   11741         Image::Get_Fractal_Color(int) [76]
-----------------------------------------------
                0.00    0.00     129/129         NNLayer::print() [17]
[77]     0.0    0.00    0.00     129         __swbuf_r [77]
                0.00    0.00     129/5762        __sflush_r [30]
                0.00    0.00     129/5759        _fflush_r [74]
-----------------------------------------------
                0.00    0.00    7830/7830        ___vfprintf_internal_r <cycle 1> [21]
[78]     0.0    0.00    0.00    7830         __sprint_r [78]
-----------------------------------------------
                                                 <spontaneous>
[79]     0.0    0.00    0.00                 NNLayer::~NNLayer() [79]
-----------------------------------------------
                0.00    0.00       3/183         main [3]
                0.00    0.00      10/183         Image::apply_NN(NN*, int, int) [4]
                0.00    0.00     170/183         NNLayer::print() [17]
[80]     0.0    0.00    0.00     183         _puts_r [80]
                0.00    0.00     183/8013        __sfvwrite_r [49]
                0.00    0.00     183/11446       strlen [73]
                0.00    0.00       1/2           _cleanup_r [200]
                0.00    0.00       1/1           __sinit [206]
-----------------------------------------------
                0.00    0.00    5630/5630        printf [14]
[81]     0.0    0.00    0.00    5630         __vfprintf_internal [81]
-----------------------------------------------
                0.00    0.00       3/183         main [3]
                0.00    0.00      10/183         Image::apply_NN(NN*, int, int) [4]
                0.00    0.00     170/183         NNLayer::print() [17]
[82]     0.0    0.00    0.00     183         puts [82]
-----------------------------------------------
                                                 <spontaneous>
[83]     0.0    0.00    0.00                 _wctomb_r [83]
-----------------------------------------------
                0.00    0.00     340/340         _dtoa_r [37]
[84]     0.0    0.00    0.00     340         __floatsidf [84]
                0.00    0.00     340/319360      __clzsi2 [27]
-----------------------------------------------
                0.00    0.00     340/340         _dtoa_r [37]
[85]     0.0    0.00    0.00     340         __adddf3 [85]
                0.00    0.00      28/319360      __clzsi2 [27]
-----------------------------------------------
                0.00    0.00     340/340         _dtoa_r [37]
[86]     0.0    0.00    0.00     340         __muldf3 [86]
-----------------------------------------------
                0.00    0.00     170/170         __d2b [61]
[87]     0.0    0.00    0.00     170         __hi0bits [87]
-----------------------------------------------
                0.00    0.00     170/170         __pow5mult [44]
[88]     0.0    0.00    0.00     170         __multadd [88]
-----------------------------------------------
                                                 <spontaneous>
[89]     0.0    0.00    0.00                 abort [89]
-----------------------------------------------
                0.00    0.00     129/129         NNLayer::print() [17]
[90]     0.0    0.00    0.00     129         putchar [90]
-----------------------------------------------
                                                 <spontaneous>
[91]     0.0    0.00    0.00                 _printf_r [91]
-----------------------------------------------
                                                 <spontaneous>
[92]     0.0    0.00    0.00                 _putchar_r [92]
-----------------------------------------------
                                                 <spontaneous>
[93]     0.0    0.00    0.00                 __mcount_record [93]
-----------------------------------------------
                                                 <spontaneous>
[94]     0.0    0.00    0.00                 srand [94]
-----------------------------------------------
                                                 <spontaneous>
[95]     0.0    0.00    0.00                 strcmp [95]
-----------------------------------------------
                0.00    0.00   11260/11260       ___vfprintf_internal_r <cycle 1> [21]
[96]     0.0    0.00    0.00   11260         _localeconv_r [96]
-----------------------------------------------
                                                 <spontaneous>
[97]     0.0    0.00    0.00                 __locale_cjk_lang [97]
-----------------------------------------------
                0.00    0.00       3/3           _fwalk_reent [99]
[98]     0.0    0.00    0.00       3         _fclose_r [98]
                0.00    0.00       3/3           _close_r [104]
                0.00    0.00       3/5762        __sflush_r [30]
                0.00    0.00       3/7833        __sclose [47]
                0.00    0.00       3/3           __sfp_lock_acquire [198]
                0.00    0.00       3/3           __sfp_lock_release [199]
-----------------------------------------------
                0.00    0.00       1/1           exit [55]
[99]     0.0    0.00    0.00       1         _fwalk_reent [99]
                0.00    0.00       3/3           _fclose_r [98]
-----------------------------------------------
                0.00    0.00  197307/197307      alt_exception [102]
[100]    0.0    0.00    0.00  197307         alt_irq_handler [100]
                0.00    0.00  192406/192406      alt_avalon_timer_sc_irq [101]
                0.00    0.00    4977/4977        altera_avalon_jtag_uart_irq [114]
-----------------------------------------------
                0.00    0.00  192406/192406      alt_irq_handler [100]
[101]    0.0    0.00    0.00  192406         alt_avalon_timer_sc_irq [101]
                0.00    0.00  192406/192406      alt_tick [113]
-----------------------------------------------
                                                 <spontaneous>
[102]    0.0    0.00    0.00                 alt_exception [102]
                0.00    0.00  197307/197307      alt_irq_handler [100]
-----------------------------------------------
                                                 <spontaneous>
[103]    0.0    0.00    0.00                 nios2_pcsample_init [103]
                0.00    0.00       1/11          memset [118]
                0.00    0.00       1/2           alt_alarm_start [127]
-----------------------------------------------
                0.00    0.00       3/3           _fclose_r [98]
[104]    0.0    0.00    0.00       3         _close_r [104]
                0.00    0.00       3/4           close [122]
-----------------------------------------------
                                                 <spontaneous>
[105]    0.0    0.00    0.00                 NNLayer::rand_FloatRange(float, float) [105]
-----------------------------------------------
                                                 <spontaneous>
[106]    0.0    0.00    0.00                 __swbuf [106]
-----------------------------------------------
                0.00    0.00     170/170         _dtoa_r [37]
[107]    0.0    0.00    0.00     170         __floatunsidf [107]
                0.00    0.00     170/319360      __clzsi2 [27]
-----------------------------------------------
                0.00    0.00     170/170         _dtoa_r [37]
[108]    0.0    0.00    0.00     170         __subdf3 [108]
                0.00    0.00     170/319360      __clzsi2 [27]
-----------------------------------------------
                0.00    0.00       3/3           open [111]
[109]    0.0    0.00    0.00       3         alt_find_dev [109]
                0.00    0.00       3/11446       strlen [73]
                0.00    0.00       3/3           memcmp [126]
-----------------------------------------------
                0.00    0.00       3/3           alt_io_redirect [112]
[110]    0.0    0.00    0.00       3         alt_open_fd [110]
                0.00    0.00       3/3           open [111]
                0.00    0.00       3/7           alt_release_fd [119]
-----------------------------------------------
                0.00    0.00       3/3           alt_open_fd [110]
[111]    0.0    0.00    0.00       3         open [111]
                0.00    0.00       3/3           alt_find_dev [109]
                0.00    0.00       3/3           alt_file_locked [123]
                0.00    0.00       3/3           alt_get_fd [124]
-----------------------------------------------
                0.00    0.00       1/1           alt_main [1]
[112]    0.0    0.00    0.00       1         alt_io_redirect [112]
                0.00    0.00       3/3           alt_open_fd [110]
-----------------------------------------------
                0.00    0.00  192406/192406      alt_avalon_timer_sc_irq [101]
[113]    0.0    0.00    0.00  192406         alt_tick [113]
                0.00    0.00     192/192         altera_avalon_jtag_uart_timeout [115]
-----------------------------------------------
                0.00    0.00    4977/4977        alt_irq_handler [100]
[114]    0.0    0.00    0.00    4977         altera_avalon_jtag_uart_irq [114]
-----------------------------------------------
                0.00    0.00     192/192         alt_tick [113]
[115]    0.0    0.00    0.00     192         altera_avalon_jtag_uart_timeout [115]
-----------------------------------------------
                0.00    0.00       1/39          _GLOBAL__sub_I___cxa_allocate_exception [71]
                0.00    0.00      38/39          operator new(unsigned int) [24]
[116]    0.0    0.00    0.00      39         malloc [116]
-----------------------------------------------
                0.00    0.00      10/21          main [3]
                0.00    0.00      11/21          Image::~Image() [43]
[117]    0.0    0.00    0.00      21         free [117]
-----------------------------------------------
                0.00    0.00       1/11          nios2_pcsample_init [103]
                0.00    0.00       3/11          _cleanup_r [200]
                0.00    0.00       7/11          _calloc_r [41]
[118]    0.0    0.00    0.00      11         memset [118]
-----------------------------------------------
                0.00    0.00       3/7           alt_open_fd [110]
                0.00    0.00       4/7           close [122]
[119]    0.0    0.00    0.00       7         alt_release_fd [119]
-----------------------------------------------
                0.00    0.00       4/4           altera_avalon_jtag_uart_close_fd [121]
[120]    0.0    0.00    0.00       4         altera_avalon_jtag_uart_close [120]
-----------------------------------------------
                0.00    0.00       4/4           close [122]
[121]    0.0    0.00    0.00       4         altera_avalon_jtag_uart_close_fd [121]
                0.00    0.00       4/4           altera_avalon_jtag_uart_close [120]
-----------------------------------------------
                0.00    0.00       1/4           alt_main [1]
                0.00    0.00       3/4           _close_r [104]
[122]    0.0    0.00    0.00       4         close [122]
                0.00    0.00       4/7           alt_release_fd [119]
                0.00    0.00       4/4           altera_avalon_jtag_uart_close_fd [121]
-----------------------------------------------
                0.00    0.00       3/3           open [111]
[123]    0.0    0.00    0.00       3         alt_file_locked [123]
-----------------------------------------------
                0.00    0.00       3/3           open [111]
[124]    0.0    0.00    0.00       3         alt_get_fd [124]
-----------------------------------------------
                0.00    0.00       3/3           alt_load [138]
[125]    0.0    0.00    0.00       3         alt_load_section [125]
-----------------------------------------------
                0.00    0.00       3/3           alt_find_dev [109]
[126]    0.0    0.00    0.00       3         memcmp [126]
-----------------------------------------------
                0.00    0.00       1/2           altera_avalon_jtag_uart_init [140]
                0.00    0.00       1/2           nios2_pcsample_init [103]
[127]    0.0    0.00    0.00       2         alt_alarm_start [127]
-----------------------------------------------
                0.00    0.00       2/2           alt_iic_isr_register [130]
[128]    0.0    0.00    0.00       2         alt_ic_irq_enable [128]
-----------------------------------------------
                0.00    0.00       1/2           altera_avalon_jtag_uart_init [140]
                0.00    0.00       1/2           alt_avalon_timer_sc_init [131]
[129]    0.0    0.00    0.00       2         alt_ic_isr_register [129]
                0.00    0.00       2/2           alt_iic_isr_register [130]
-----------------------------------------------
                0.00    0.00       2/2           alt_ic_isr_register [129]
[130]    0.0    0.00    0.00       2         alt_iic_isr_register [130]
                0.00    0.00       2/2           alt_ic_irq_enable [128]
-----------------------------------------------
                0.00    0.00       1/1           alt_sys_init [139]
[131]    0.0    0.00    0.00       1         alt_avalon_timer_sc_init [131]
                0.00    0.00       1/2           alt_ic_isr_register [129]
-----------------------------------------------
                0.00    0.00       1/1           alt_load [138]
[132]    0.0    0.00    0.00       1         alt_dcache_flush_all [132]
-----------------------------------------------
                0.00    0.00       1/1           alt_dev_reg [134]
[133]    0.0    0.00    0.00       1         alt_dev_llist_insert [133]
-----------------------------------------------
                0.00    0.00       1/1           alt_sys_init [139]
[134]    0.0    0.00    0.00       1         alt_dev_reg [134]
                0.00    0.00       1/1           alt_dev_llist_insert [133]
-----------------------------------------------
                0.00    0.00       1/1           alt_icache_flush_all [136]
[135]    0.0    0.00    0.00       1         alt_icache_flush [135]
-----------------------------------------------
                0.00    0.00       1/1           alt_load [138]
[136]    0.0    0.00    0.00       1         alt_icache_flush_all [136]
                0.00    0.00       1/1           alt_icache_flush [135]
-----------------------------------------------
                0.00    0.00       1/1           alt_main [1]
[137]    0.0    0.00    0.00       1         alt_irq_init [137]
                0.00    0.00       1/1           altera_nios2_gen2_irq_init [141]
-----------------------------------------------
                0.00    0.00       1/1           _start [2]
[138]    0.0    0.00    0.00       1         alt_load [138]
                0.00    0.00       3/3           alt_load_section [125]
                0.00    0.00       1/1           alt_dcache_flush_all [132]
                0.00    0.00       1/1           alt_icache_flush_all [136]
-----------------------------------------------
                0.00    0.00       1/1           alt_main [1]
[139]    0.0    0.00    0.00       1         alt_sys_init [139]
                0.00    0.00       1/1           alt_avalon_timer_sc_init [131]
                0.00    0.00       1/1           alt_dev_reg [134]
                0.00    0.00       1/1           altera_avalon_jtag_uart_init [140]
-----------------------------------------------
                0.00    0.00       1/1           alt_sys_init [139]
[140]    0.0    0.00    0.00       1         altera_avalon_jtag_uart_init [140]
                0.00    0.00       1/2           alt_alarm_start [127]
                0.00    0.00       1/2           alt_ic_isr_register [129]
-----------------------------------------------
                0.00    0.00       1/1           alt_irq_init [137]
[141]    0.0    0.00    0.00       1         altera_nios2_gen2_irq_init [141]
-----------------------------------------------
                0.00    0.00       1/1           alt_main [1]
[142]    0.0    0.00    0.00       1         atexit [142]
-----------------------------------------------
                0.00    0.00     340/680         ___vfprintf_internal_r <cycle 1> [21]
                0.00    0.00     340/680         _dtoa_r [37]
[183]    0.0    0.00    0.00     680         __nedf2 [183]
-----------------------------------------------
                0.00    0.00     509/509         _dtoa_r [37]
[184]    0.0    0.00    0.00     509         _Bfree [184]
-----------------------------------------------
                0.00    0.00     340/340         ___vfprintf_internal_r <cycle 1> [21]
[185]    0.0    0.00    0.00     340         __fpclassifyd [185]
-----------------------------------------------
                0.00    0.00     170/170         _dtoa_r [37]
[186]    0.0    0.00    0.00     170         __fixdfsi [186]
-----------------------------------------------
                0.00    0.00     170/170         _dtoa_r [37]
[187]    0.0    0.00    0.00     170         __ledf2 [187]
-----------------------------------------------
                0.00    0.00     170/170         __d2b [61]
[188]    0.0    0.00    0.00     170         __lo0bits [188]
-----------------------------------------------
                0.00    0.00     170/170         _dtoa_r [37]
[189]    0.0    0.00    0.00     170         __mcmp [189]
-----------------------------------------------
                0.00    0.00     129/129         NNLayer::print() [17]
[190]    0.0    0.00    0.00     129         _putc_r [190]
-----------------------------------------------
                0.00    0.00      24/78          _free_r [194]
                0.00    0.00      54/78          _malloc_r [18]
[191]    0.0    0.00    0.00      78         __malloc_lock [191]
-----------------------------------------------
                0.00    0.00       1/39          NN::NN(int) [64]
                0.00    0.00       1/39          main [3]
                0.00    0.00      10/39          Image::apply_NN(NN*, int, int) [4]
                0.00    0.00      27/39          operator new[](unsigned int) [29]
[192]    0.0    0.00    0.00      39         _Unwind_SjLj_Register [192]
-----------------------------------------------
                0.00    0.00       1/39          main [3]
                0.00    0.00       1/39          NN::NN(int) [64]
                0.00    0.00      10/39          Image::apply_NN(NN*, int, int) [4]
                0.00    0.00      27/39          operator new[](unsigned int) [29]
[193]    0.0    0.00    0.00      39         _Unwind_SjLj_Unregister [193]
-----------------------------------------------
                0.00    0.00       3/24          _malloc_r [18]
                0.00    0.00      10/24          main [3]
                0.00    0.00      11/24          Image::~Image() [43]
[194]    0.0    0.00    0.00      24         _free_r [194]
                0.00    0.00      24/78          __malloc_lock [191]
-----------------------------------------------
                0.00    0.00      10/21          main [3]
                0.00    0.00      11/21          Image::~Image() [43]
[195]    0.0    0.00    0.00      21         operator delete(void*) [195]
-----------------------------------------------
                0.00    0.00      11/11          Image::~Image() [43]
[196]    0.0    0.00    0.00      11         operator delete[](void*) [196]
-----------------------------------------------
                0.00    0.00       5/5           NN::NN(int) [64]
[197]    0.0    0.00    0.00       5         NNLayer::NNLayer() [197]
-----------------------------------------------
                0.00    0.00       3/3           _fclose_r [98]
[198]    0.0    0.00    0.00       3         __sfp_lock_acquire [198]
-----------------------------------------------
                0.00    0.00       3/3           _fclose_r [98]
[199]    0.0    0.00    0.00       3         __sfp_lock_release [199]
-----------------------------------------------
                0.00    0.00       1/2           exit [55]
                0.00    0.00       1/2           _puts_r [80]
[200]    0.0    0.00    0.00       2         _cleanup_r [200]
                0.00    0.00       3/11          memset [118]
-----------------------------------------------
                0.00    0.00       1/1           main [3]
[201]    0.0    0.00    0.00       1         NN::~NN() [201]
-----------------------------------------------
                0.00    0.00       1/1           main [3]
[202]    0.0    0.00    0.00       1         VGA::send_to_display() [202]
-----------------------------------------------
                0.00    0.00       1/1           main [3]
[203]    0.0    0.00    0.00       1         VGA::VGA(int, int) [203]
-----------------------------------------------
                0.00    0.00       1/1           exit [55]
[204]    0.0    0.00    0.00       1         __call_exitprocs [204]
                0.00    0.00       1/1           _do_dtors [209]
-----------------------------------------------
                0.00    0.00       1/1           alt_main [1]
[205]    0.0    0.00    0.00       1         __register_exitproc [205]
-----------------------------------------------
                0.00    0.00       1/1           _puts_r [80]
[206]    0.0    0.00    0.00       1         __sinit [206]
-----------------------------------------------
                0.00    0.00       1/1           __swsetup_r [208]
[207]    0.0    0.00    0.00       1         __smakebuf_r [207]
-----------------------------------------------
                0.00    0.00       1/1           __sfvwrite_r [49]
[208]    0.0    0.00    0.00       1         __swsetup_r [208]
                0.00    0.00       1/1           __smakebuf_r [207]
-----------------------------------------------
                0.00    0.00       1/1           __call_exitprocs [204]
[209]    0.0    0.00    0.00       1         _do_dtors [209]
-----------------------------------------------

 This table describes the call tree of the program, and was sorted by
 the total amount of time spent in each function and its children.

 Each entry in this table consists of several lines.  The line with the
 index number at the left hand margin lists the current function.
 The lines above it list the functions that called this function,
 and the lines below it list the functions this one called.
 This line lists:
     index	A unique number given to each element of the table.
		Index numbers are sorted numerically.
		The index number is printed next to every function name so
		it is easier to look up where the function is in the table.

     % time	This is the percentage of the `total' time that was spent
		in this function and its children.  Note that due to
		different viewpoints, functions excluded by options, etc,
		these numbers will NOT add up to 100%.

     self	This is the total amount of time spent in this function.

     children	This is the total amount of time propagated into this
		function by its children.

     called	This is the number of times the function was called.
		If the function called itself recursively, the number
		only includes non-recursive calls, and is followed by
		a `+' and the number of recursive calls.

     name	The name of the current function.  The index number is
		printed after it.  If the function is a member of a
		cycle, the cycle number is printed between the
		function's name and the index number.


 For the function's parents, the fields have the following meanings:

     self	This is the amount of time that was propagated directly
		from the function into this parent.

     children	This is the amount of time that was propagated from
		the function's children into this parent.

     called	This is the number of times this parent called the
		function `/' the total number of times the function
		was called.  Recursive calls to the function are not
		included in the number after the `/'.

     name	This is the name of the parent.  The parent's index
		number is printed after it.  If the parent is a
		member of a cycle, the cycle number is printed between
		the name and the index number.

 If the parents of the function cannot be determined, the word
 `<spontaneous>' is printed in the `name' field, and all the other
 fields are blank.

 For the function's children, the fields have the following meanings:

     self	This is the amount of time that was propagated directly
		from the child into the function.

     children	This is the amount of time that was propagated from the
		child's children to the function.

     called	This is the number of times the function called
		this child `/' the total number of times the child
		was called.  Recursive calls by the child are not
		listed in the number after the `/'.

     name	This is the name of the child.  The child's index
		number is printed after it.  If the child is a
		member of a cycle, the cycle number is printed
		between the name and the index number.

 If there are any cycles (circles) in the call graph, there is an
 entry for the cycle-as-a-whole.  This entry shows who called the
 cycle (as parents) and the members of the cycle (as children.)
 The `+' recursive calls entry shows the number of function calls that
 were internal to the cycle, and the calls entry for each member shows,
 for that member, how many times it was called from other members of
 the cycle.

Copyright (C) 2012-2015 Free Software Foundation, Inc.

Copying and distribution of this file, with or without modification,
are permitted in any medium without royalty provided the copyright
notice and this notice are preserved.

Index by function name

  [40] _Balloc               [188] __lo0bits             [127] alt_alarm_start
 [184] _Bfree                 [97] __locale_cjk_lang     [131] alt_avalon_timer_sc_init
  [71] _GLOBAL__sub_I___cxa_allocate_exception (eh_alloc.cc) [53] __lshift [101] alt_avalon_timer_sc_irq (altera_avalon_timer_sc.c)
  [65] _Unwind_Backtrace     [191] __malloc_lock         [132] alt_dcache_flush_all
 [192] _Unwind_SjLj_Register  [16] __malloc_unlock       [133] alt_dev_llist_insert
 [193] _Unwind_SjLj_Unregister [189] __mcmp              [134] alt_dev_reg (alt_dev.h)
  [60] simpleRand()           [93] __mcount_record       [123] alt_file_locked (alt_open.c)
   [5] NN::propagate(int*)    [86] __muldf3              [109] alt_find_dev
  [64] NN::NN(int)            [48] __muldi3               [69] alt_get_errno (alt_errno.h)
 [201] NN::~NN()              [11] __mulsf3               [10] alt_get_errno (alt_errno.h)
  [46] VGA::Set_Pixel_Color(unsigned int, unsigned int, unsigned int) [88] __multadd [124] alt_get_fd
 [202] VGA::send_to_display() [45] __multiply            [128] alt_ic_irq_enable
  [54] VGA::clr()            [183] __nedf2               [129] alt_ic_isr_register
 [203] VGA::VGA(int, int)     [44] __pow5mult            [135] alt_icache_flush
   [8] Image::make_fractal() [205] __register_exitproc   [136] alt_icache_flush_all
   [7] Image::source_pixel(int, int) [28] __sbprintf (vfprintf.c) [130] alt_iic_isr_register
  [25] Image::printToScreen(int, int, VGA*) [47] __sclose [112] alt_io_redirect
  [76] Image::Get_Fractal_Color(int) [30] __sflush_r     [100] alt_irq_handler
   [9] Image::Get_Fractal_Level(float, float) [198] __sfp_lock_acquire [137] alt_irq_init
  [20] Image::init(int, int) [199] __sfp_lock_release    [138] alt_load
  [13] Image::make_bw()       [49] __sfvwrite_r          [125] alt_load_section (alt_load.h)
   [4] Image::apply_NN(NN*, int, int) [206] __sinit        [1] alt_main
  [22] Image::randomize()    [207] __smakebuf_r          [110] alt_open_fd (alt_io_redirect.c)
  [19] Image::Image(int, int) [78] __sprint_r            [119] alt_release_fd
  [43] Image::~Image()       [108] __subdf3              [139] alt_sys_init
  [39] NNLayer::random_init(int, int, int) [23] __subsf3 [113] alt_tick
 [105] NNLayer::rand_FloatRange(float, float) [106] __swbuf [120] altera_avalon_jtag_uart_close
  [62] NNLayer::print_activation() [77] __swbuf_r        [121] altera_avalon_jtag_uart_close_fd
  [42] NNLayer::init(int, int, int) [66] __swrite        [140] altera_avalon_jtag_uart_init
  [17] NNLayer::print()      [208] __swsetup_r           [114] altera_avalon_jtag_uart_irq (altera_avalon_jtag_uart_init.c)
  [56] NNLayer::MYrand(int)   [50] __udivdi3             [115] altera_avalon_jtag_uart_timeout (altera_avalon_jtag_uart_init.c)
   [6] NNLayer::propagate(int*) [70] __udivsi3            [36] altera_avalon_jtag_uart_write
 [197] NNLayer::NNLayer()     [52] __umoddi3              [35] altera_avalon_jtag_uart_write_fd
  [79] NNLayer::~NNLayer()    [51] __umodsi3             [141] altera_nios2_gen2_irq_init
 [196] operator delete[](void*) [81] __vfprintf_internal [142] atexit
 [195] operator delete(void*) [41] _calloc_r             [122] close
  [29] operator new[](unsigned int) [200] _cleanup_r      [55] exit
  [24] operator new(unsigned int) [104] _close_r         [117] free
  [21] ___vfprintf_internal_r [72] _do_ctors               [3] main
  [85] __adddf3              [209] _do_dtors             [116] malloc
  [12] __addsf3               [37] _dtoa_r               [126] memcmp
 [204] __call_exitprocs       [57] _exit                  [59] memcpy
  [27] __clzsi2               [98] _fclose_r              [67] memmove
  [61] __d2b                  [74] _fflush_r             [118] memset
  [26] __divsf3              [194] _free_r               [103] nios2_pcsample_init (alt_gmon.c)
  [58] __eqsf2                [99] _fwalk_reent          [111] open
 [186] __fixdfsi              [96] _localeconv_r          [14] printf
  [68] __fixsfsi              [18] _malloc_r              [90] putchar
  [84] __floatsidf            [91] _printf_r              [82] puts
  [34] __floatsisf           [190] _putc_r                [32] rand
 [107] __floatunsidf          [92] _putchar_r             [94] srand
 [185] __fpclassifyd          [80] _puts_r                [95] strcmp
  [38] __gtsf2                [75] _sbrk_r                [73] strlen
  [87] __hi0bits              [83] _wctomb_r              [33] write
  [63] __i2b                  [31] _write_r               [15] <cycle 1>
 [187] __ledf2                [89] abort
